<?xml version="1.0" encoding="UTF-8"?>
<coverage generated="1751644909895" clover="3.2.0">
  <project timestamp="1751644909895" name="All files">
    <metrics statements="65" coveredstatements="37" conditionals="33" coveredconditionals="27" methods="16" coveredmethods="10" elements="114" coveredelements="74" complexity="0" loc="65" ncloc="65" packages="1" files="4" classes="4"/>
    <file name="Game.js" path="/home/myk/repos/BattleShip/src/Game.js">
      <metrics statements="25" coveredstatements="1" conditionals="0" coveredconditionals="0" methods="4" coveredmethods="0"/>
      <line num="4" count="1" type="stmt"/>
      <line num="5" count="0" type="stmt"/>
      <line num="7" count="0" type="stmt"/>
      <line num="8" count="0" type="stmt"/>
      <line num="9" count="0" type="stmt"/>
      <line num="10" count="0" type="stmt"/>
      <line num="11" count="0" type="stmt"/>
      <line num="12" count="0" type="stmt"/>
      <line num="13" count="0" type="stmt"/>
      <line num="16" count="0" type="stmt"/>
      <line num="19" count="0" type="stmt"/>
      <line num="20" count="0" type="stmt"/>
      <line num="21" count="0" type="stmt"/>
      <line num="22" count="0" type="stmt"/>
      <line num="23" count="0" type="stmt"/>
      <line num="24" count="0" type="stmt"/>
      <line num="25" count="0" type="stmt"/>
      <line num="31" count="0" type="stmt"/>
      <line num="32" count="0" type="stmt"/>
      <line num="36" count="0" type="stmt"/>
      <line num="37" count="0" type="stmt"/>
      <line num="38" count="0" type="stmt"/>
      <line num="39" count="0" type="stmt"/>
      <line num="40" count="0" type="stmt"/>
      <line num="41" count="0" type="stmt"/>
    </file>
    <file name="Gameboard.js" path="/home/myk/repos/BattleShip/src/Gameboard.js">
      <metrics statements="30" coveredstatements="28" conditionals="29" coveredconditionals="23" methods="6" coveredmethods="6"/>
      <line num="6" count="7" type="stmt"/>
      <line num="7" count="7" type="stmt"/>
      <line num="8" count="70" type="stmt"/>
      <line num="11" count="7" type="stmt"/>
      <line num="15" count="9" type="stmt"/>
      <line num="16" count="17" type="cond" truecount="1" falsecount="1"/>
      <line num="17" count="17" type="stmt"/>
      <line num="19" count="0" type="stmt"/>
      <line num="22" count="9" type="stmt"/>
      <line num="26" count="17" type="cond" truecount="6" falsecount="0"/>
      <line num="27" count="3" type="stmt"/>
      <line num="29" count="14" type="stmt"/>
      <line num="33" count="11" type="cond" truecount="2" falsecount="0"/>
      <line num="37" count="2" type="stmt"/>
      <line num="39" count="9" type="stmt"/>
      <line num="44" count="4" type="cond" truecount="1" falsecount="1"/>
      <line num="45" count="4" type="stmt"/>
      <line num="47" count="0" type="stmt"/>
      <line num="52" count="4" type="stmt"/>
      <line num="53" count="4" type="cond" truecount="4" falsecount="0"/>
      <line num="54" count="1" type="stmt"/>
      <line num="55" count="3" type="cond" truecount="1" falsecount="1"/>
      <line num="57" count="3" type="stmt"/>
      <line num="58" count="3" type="stmt"/>
      <line num="60" count="4" type="stmt"/>
      <line num="64" count="3" type="stmt"/>
      <line num="65" count="25" type="stmt"/>
      <line num="66" count="246" type="cond" truecount="4" falsecount="0"/>
      <line num="67" count="1" type="stmt"/>
      <line num="71" count="2" type="stmt"/>
    </file>
    <file name="Player.js" path="/home/myk/repos/BattleShip/src/Player.js">
      <metrics statements="2" coveredstatements="0" conditionals="0" coveredconditionals="0" methods="2" coveredmethods="0"/>
      <line num="6" count="0" type="stmt"/>
      <line num="12" count="0" type="stmt"/>
    </file>
    <file name="Ship.js" path="/home/myk/repos/BattleShip/src/Ship.js">
      <metrics statements="8" coveredstatements="8" conditionals="4" coveredconditionals="4" methods="4" coveredmethods="4"/>
      <line num="4" count="4" type="stmt"/>
      <line num="5" count="4" type="stmt"/>
      <line num="8" count="4" type="stmt"/>
      <line num="9" count="4" type="stmt"/>
      <line num="13" count="3" type="stmt"/>
      <line num="14" count="3" type="stmt"/>
      <line num="18" count="3" type="cond" truecount="2" falsecount="0"/>
      <line num="22" count="2" type="stmt"/>
    </file>
  </project>
</coverage>
