{"/home/myk/repos/BattleShip/src/Gameboard.js": {"path":"/home/myk/repos/BattleShip/src/Gameboard.js","statementMap":{"0":{"start":{"line":3,"column":17},"end":{"line":3,"column":30}},"1":{"start":{"line":4,"column":4},"end":{"line":6,"column":5}},"2":{"start":{"line":4,"column":17},"end":{"line":4,"column":18}},"3":{"start":{"line":5,"column":6},"end":{"line":5,"column":30}},"4":{"start":{"line":8,"column":4},"end":{"line":8,"column":21}},"5":{"start":{"line":12,"column":4},"end":{"line":18,"column":5}},"6":{"start":{"line":12,"column":17},"end":{"line":12,"column":18}},"7":{"start":{"line":13,"column":6},"end":{"line":17,"column":7}},"8":{"start":{"line":14,"column":8},"end":{"line":14,"column":35}},"9":{"start":{"line":16,"column":8},"end":{"line":16,"column":35}},"10":{"start":{"line":19,"column":4},"end":{"line":19,"column":16}},"11":{"start":{"line":23,"column":4},"end":{"line":30,"column":5}},"12":{"start":{"line":27,"column":6},"end":{"line":27,"column":47}},"13":{"start":{"line":29,"column":6},"end":{"line":29,"column":70}},"14":{"start":{"line":34,"column":4},"end":{"line":34,"column":27}},"15":{"start":{"line":38,"column":17},"end":{"line":38,"column":32}},"16":{"start":{"line":39,"column":4},"end":{"line":44,"column":5}},"17":{"start":{"line":40,"column":6},"end":{"line":40,"column":21}},"18":{"start":{"line":41,"column":6},"end":{"line":41,"column":24}},"19":{"start":{"line":43,"column":6},"end":{"line":43,"column":26}},"20":{"start":{"line":45,"column":4},"end":{"line":45,"column":16}}},"fnMap":{"0":{"name":"(anonymous_0)","decl":{"start":{"line":2,"column":2},"end":{"line":2,"column":3}},"loc":{"start":{"line":2,"column":16},"end":{"line":9,"column":3}},"line":2},"1":{"name":"(anonymous_1)","decl":{"start":{"line":22,"column":2},"end":{"line":22,"column":3}},"loc":{"start":{"line":22,"column":39},"end":{"line":31,"column":3}},"line":22},"2":{"name":"(anonymous_2)","decl":{"start":{"line":33,"column":2},"end":{"line":33,"column":3}},"loc":{"start":{"line":33,"column":14},"end":{"line":35,"column":3}},"line":33},"3":{"name":"(anonymous_3)","decl":{"start":{"line":37,"column":2},"end":{"line":37,"column":3}},"loc":{"start":{"line":37,"column":21},"end":{"line":46,"column":3}},"line":37}},"branchMap":{"0":{"loc":{"start":{"line":11,"column":29},"end":{"line":11,"column":39}},"type":"default-arg","locations":[{"start":{"line":11,"column":38},"end":{"line":11,"column":39}}],"line":11},"1":{"loc":{"start":{"line":11,"column":41},"end":{"line":11,"column":58}},"type":"default-arg","locations":[{"start":{"line":11,"column":54},"end":{"line":11,"column":58}}],"line":11},"2":{"loc":{"start":{"line":13,"column":6},"end":{"line":17,"column":7}},"type":"if","locations":[{"start":{"line":13,"column":6},"end":{"line":17,"column":7}},{"start":{"line":15,"column":13},"end":{"line":17,"column":7}}],"line":13},"3":{"loc":{"start":{"line":22,"column":20},"end":{"line":22,"column":37}},"type":"default-arg","locations":[{"start":{"line":22,"column":33},"end":{"line":22,"column":37}}],"line":22},"4":{"loc":{"start":{"line":23,"column":4},"end":{"line":30,"column":5}},"type":"if","locations":[{"start":{"line":23,"column":4},"end":{"line":30,"column":5}},{"start":{"line":28,"column":11},"end":{"line":30,"column":5}}],"line":23},"5":{"loc":{"start":{"line":24,"column":6},"end":{"line":25,"column":60}},"type":"binary-expr","locations":[{"start":{"line":24,"column":7},"end":{"line":24,"column":17}},{"start":{"line":24,"column":21},"end":{"line":24,"column":55}},{"start":{"line":25,"column":7},"end":{"line":25,"column":18}},{"start":{"line":25,"column":22},"end":{"line":25,"column":59}}],"line":24},"6":{"loc":{"start":{"line":39,"column":4},"end":{"line":44,"column":5}},"type":"if","locations":[{"start":{"line":39,"column":4},"end":{"line":44,"column":5}},{"start":{"line":42,"column":9},"end":{"line":44,"column":5}}],"line":39}},"s":{"0":5,"1":5,"2":5,"3":50,"4":5,"5":7,"6":7,"7":17,"8":17,"9":0,"10":6,"11":9,"12":2,"13":7,"14":5,"15":1,"16":1,"17":0,"18":0,"19":1,"20":0},"f":{"0":5,"1":9,"2":5,"3":1},"b":{"0":[2],"1":[0],"2":[17,0],"3":[9],"4":[2,7],"5":[9,9,7,0],"6":[0,1]},"_coverageSchema":"1a1c01bbd47fc00a2c39e90264f33305004495a9","hash":"ac50ca863ff1b9d9df7bbcc1e5abf591987fa368"}
,"/home/myk/repos/BattleShip/src/Ship.js": {"path":"/home/myk/repos/BattleShip/src/Ship.js","statementMap":{"0":{"start":{"line":4,"column":8},"end":{"line":4,"column":9}},"1":{"start":{"line":5,"column":9},"end":{"line":5,"column":14}},"2":{"start":{"line":8,"column":4},"end":{"line":8,"column":25}},"3":{"start":{"line":9,"column":4},"end":{"line":9,"column":33}},"4":{"start":{"line":13,"column":4},"end":{"line":13,"column":15}},"5":{"start":{"line":14,"column":4},"end":{"line":14,"column":20}},"6":{"start":{"line":18,"column":4},"end":{"line":18,"column":43}},"7":{"start":{"line":22,"column":4},"end":{"line":22,"column":30}}},"fnMap":{"0":{"name":"(anonymous_0)","decl":{"start":{"line":7,"column":2},"end":{"line":7,"column":3}},"loc":{"start":{"line":7,"column":44},"end":{"line":10,"column":3}},"line":7},"1":{"name":"(anonymous_1)","decl":{"start":{"line":12,"column":2},"end":{"line":12,"column":3}},"loc":{"start":{"line":12,"column":11},"end":{"line":15,"column":3}},"line":12},"2":{"name":"(anonymous_2)","decl":{"start":{"line":17,"column":2},"end":{"line":17,"column":3}},"loc":{"start":{"line":17,"column":21},"end":{"line":19,"column":3}},"line":17},"3":{"name":"(anonymous_3)","decl":{"start":{"line":21,"column":2},"end":{"line":21,"column":3}},"loc":{"start":{"line":21,"column":14},"end":{"line":23,"column":3}},"line":21}},"branchMap":{"0":{"loc":{"start":{"line":7,"column":14},"end":{"line":7,"column":24}},"type":"default-arg","locations":[{"start":{"line":7,"column":23},"end":{"line":7,"column":24}}],"line":7},"1":{"loc":{"start":{"line":7,"column":26},"end":{"line":7,"column":43}},"type":"default-arg","locations":[{"start":{"line":7,"column":39},"end":{"line":7,"column":43}}],"line":7},"2":{"loc":{"start":{"line":18,"column":11},"end":{"line":18,"column":42}},"type":"cond-expr","locations":[{"start":{"line":18,"column":30},"end":{"line":18,"column":34}},{"start":{"line":18,"column":37},"end":{"line":18,"column":42}}],"line":18}},"s":{"0":2,"1":2,"2":2,"3":2,"4":1,"5":1,"6":1,"7":0},"f":{"0":2,"1":1,"2":1,"3":0},"b":{"0":[2],"1":[2],"2":[0,1]},"_coverageSchema":"1a1c01bbd47fc00a2c39e90264f33305004495a9","hash":"6f41031298add53bd162c2e432c1699389ebceb5"}
}
