{"/home/myk/repos/BattleShip/src/Game.js": {"path":"/home/myk/repos/BattleShip/src/Game.js","statementMap":{"0":{"start":{"line":5,"column":20},"end":{"line":28,"column":1}},"1":{"start":{"line":6,"column":17},"end":{"line":6,"column":52}},"2":{"start":{"line":8,"column":29},"end":{"line":8,"column":83}},"3":{"start":{"line":9,"column":18},"end":{"line":9,"column":43}},"4":{"start":{"line":11,"column":2},"end":{"line":11,"column":33}},"5":{"start":{"line":13,"column":2},"end":{"line":13,"column":50}},"6":{"start":{"line":14,"column":2},"end":{"line":14,"column":40}},"7":{"start":{"line":17,"column":2},"end":{"line":17,"column":55}},"8":{"start":{"line":17,"column":20},"end":{"line":17,"column":50}},"9":{"start":{"line":18,"column":2},"end":{"line":18,"column":33}},"10":{"start":{"line":33,"column":4},"end":{"line":33,"column":24}},"11":{"start":{"line":37,"column":20},"end":{"line":37,"column":49}},"12":{"start":{"line":38,"column":4},"end":{"line":38,"column":34}},"13":{"start":{"line":40,"column":4},"end":{"line":47,"column":5}},"14":{"start":{"line":41,"column":6},"end":{"line":41,"column":36}},"15":{"start":{"line":42,"column":10},"end":{"line":47,"column":5}},"16":{"start":{"line":43,"column":6},"end":{"line":43,"column":36}},"17":{"start":{"line":44,"column":6},"end":{"line":46,"column":7}},"18":{"start":{"line":45,"column":8},"end":{"line":45,"column":38}},"19":{"start":{"line":48,"column":4},"end":{"line":48,"column":19}},"20":{"start":{"line":52,"column":17},"end":{"line":52,"column":19}},"21":{"start":{"line":53,"column":4},"end":{"line":59,"column":5}},"22":{"start":{"line":53,"column":16},"end":{"line":53,"column":17}},"23":{"start":{"line":54,"column":6},"end":{"line":58,"column":7}},"24":{"start":{"line":54,"column":18},"end":{"line":54,"column":19}},"25":{"start":{"line":55,"column":19},"end":{"line":55,"column":50}},"26":{"start":{"line":56,"column":8},"end":{"line":56,"column":31}},"27":{"start":{"line":57,"column":8},"end":{"line":57,"column":24}},"28":{"start":{"line":60,"column":4},"end":{"line":60,"column":16}},"29":{"start":{"line":64,"column":4},"end":{"line":66,"column":5}},"30":{"start":{"line":64,"column":16},"end":{"line":64,"column":17}},"31":{"start":{"line":65,"column":6},"end":{"line":65,"column":40}},"32":{"start":{"line":67,"column":4},"end":{"line":67,"column":16}},"33":{"start":{"line":71,"column":4},"end":{"line":71,"column":32}},"34":{"start":{"line":75,"column":4},"end":{"line":75,"column":35}},"35":{"start":{"line":76,"column":18},"end":{"line":76,"column":44}},"36":{"start":{"line":77,"column":4},"end":{"line":77,"column":58}}},"fnMap":{"0":{"name":"(anonymous_0)","decl":{"start":{"line":5,"column":20},"end":{"line":5,"column":21}},"loc":{"start":{"line":5,"column":30},"end":{"line":28,"column":1}},"line":5},"1":{"name":"(anonymous_1)","decl":{"start":{"line":17,"column":13},"end":{"line":17,"column":14}},"loc":{"start":{"line":17,"column":19},"end":{"line":17,"column":51}},"line":17},"2":{"name":"(anonymous_2)","decl":{"start":{"line":32,"column":2},"end":{"line":32,"column":3}},"loc":{"start":{"line":32,"column":26},"end":{"line":34,"column":3}},"line":32},"3":{"name":"(anonymous_3)","decl":{"start":{"line":36,"column":2},"end":{"line":36,"column":3}},"loc":{"start":{"line":36,"column":21},"end":{"line":49,"column":3}},"line":36},"4":{"name":"(anonymous_4)","decl":{"start":{"line":51,"column":2},"end":{"line":51,"column":3}},"loc":{"start":{"line":51,"column":19},"end":{"line":61,"column":3}},"line":51},"5":{"name":"(anonymous_5)","decl":{"start":{"line":63,"column":2},"end":{"line":63,"column":3}},"loc":{"start":{"line":63,"column":32},"end":{"line":68,"column":3}},"line":63},"6":{"name":"(anonymous_6)","decl":{"start":{"line":70,"column":2},"end":{"line":70,"column":3}},"loc":{"start":{"line":70,"column":27},"end":{"line":72,"column":3}},"line":70},"7":{"name":"(anonymous_7)","decl":{"start":{"line":74,"column":2},"end":{"line":74,"column":3}},"loc":{"start":{"line":74,"column":27},"end":{"line":78,"column":3}},"line":74}},"branchMap":{"0":{"loc":{"start":{"line":32,"column":14},"end":{"line":32,"column":25}},"type":"default-arg","locations":[{"start":{"line":32,"column":23},"end":{"line":32,"column":25}}],"line":32},"1":{"loc":{"start":{"line":40,"column":4},"end":{"line":47,"column":5}},"type":"if","locations":[{"start":{"line":40,"column":4},"end":{"line":47,"column":5}},{"start":{"line":42,"column":10},"end":{"line":47,"column":5}}],"line":40},"2":{"loc":{"start":{"line":40,"column":7},"end":{"line":40,"column":42}},"type":"binary-expr","locations":[{"start":{"line":40,"column":7},"end":{"line":40,"column":11}},{"start":{"line":40,"column":15},"end":{"line":40,"column":42}}],"line":40},"3":{"loc":{"start":{"line":42,"column":10},"end":{"line":47,"column":5}},"type":"if","locations":[{"start":{"line":42,"column":10},"end":{"line":47,"column":5}},{"start":{},"end":{}}],"line":42},"4":{"loc":{"start":{"line":42,"column":13},"end":{"line":42,"column":48}},"type":"binary-expr","locations":[{"start":{"line":42,"column":13},"end":{"line":42,"column":17}},{"start":{"line":42,"column":21},"end":{"line":42,"column":48}}],"line":42},"5":{"loc":{"start":{"line":44,"column":6},"end":{"line":46,"column":7}},"type":"if","locations":[{"start":{"line":44,"column":6},"end":{"line":46,"column":7}},{"start":{},"end":{}}],"line":44}},"s":{"0":1,"1":0,"2":0,"3":0,"4":0,"5":0,"6":0,"7":0,"8":0,"9":0,"10":1,"11":104,"12":104,"13":104,"14":1,"15":103,"16":3,"17":3,"18":1,"19":104,"20":1,"21":1,"22":1,"23":10,"24":10,"25":100,"26":100,"27":100,"28":1,"29":0,"30":0,"31":0,"32":0,"33":0,"34":0,"35":0,"36":0},"f":{"0":0,"1":0,"2":1,"3":104,"4":1,"5":0,"6":0,"7":0},"b":{"0":[1],"1":[1,103],"2":[104,5],"3":[3,100],"4":[103,4],"5":[1,2]},"_coverageSchema":"1a1c01bbd47fc00a2c39e90264f33305004495a9","hash":"461d1a0f4fc39646aaf9283d887ed0f67fcbbde9"}
,"/home/myk/repos/BattleShip/src/Gameboard.js": {"path":"/home/myk/repos/BattleShip/src/Gameboard.js","statementMap":{"0":{"start":{"line":6,"column":17},"end":{"line":6,"column":30}},"1":{"start":{"line":7,"column":4},"end":{"line":9,"column":5}},"2":{"start":{"line":7,"column":17},"end":{"line":7,"column":18}},"3":{"start":{"line":8,"column":6},"end":{"line":8,"column":30}},"4":{"start":{"line":11,"column":4},"end":{"line":11,"column":21}},"5":{"start":{"line":15,"column":4},"end":{"line":21,"column":5}},"6":{"start":{"line":15,"column":17},"end":{"line":15,"column":18}},"7":{"start":{"line":16,"column":6},"end":{"line":20,"column":7}},"8":{"start":{"line":17,"column":8},"end":{"line":17,"column":35}},"9":{"start":{"line":19,"column":8},"end":{"line":19,"column":35}},"10":{"start":{"line":22,"column":4},"end":{"line":22,"column":16}},"11":{"start":{"line":26,"column":4},"end":{"line":28,"column":5}},"12":{"start":{"line":27,"column":6},"end":{"line":27,"column":19}},"13":{"start":{"line":29,"column":4},"end":{"line":29,"column":16}},"14":{"start":{"line":33,"column":4},"end":{"line":40,"column":5}},"15":{"start":{"line":37,"column":6},"end":{"line":37,"column":47}},"16":{"start":{"line":39,"column":6},"end":{"line":39,"column":70}},"17":{"start":{"line":44,"column":4},"end":{"line":48,"column":5}},"18":{"start":{"line":45,"column":6},"end":{"line":45,"column":29}},"19":{"start":{"line":47,"column":6},"end":{"line":47,"column":54}},"20":{"start":{"line":52,"column":17},"end":{"line":52,"column":32}},"21":{"start":{"line":53,"column":4},"end":{"line":59,"column":6}},"22":{"start":{"line":54,"column":6},"end":{"line":54,"column":39}},"23":{"start":{"line":55,"column":10},"end":{"line":59,"column":6}},"24":{"start":{"line":57,"column":6},"end":{"line":57,"column":21}},"25":{"start":{"line":58,"column":6},"end":{"line":58,"column":23}},"26":{"start":{"line":60,"column":4},"end":{"line":60,"column":27}},"27":{"start":{"line":64,"column":4},"end":{"line":70,"column":5}},"28":{"start":{"line":64,"column":16},"end":{"line":64,"column":17}},"29":{"start":{"line":65,"column":6},"end":{"line":69,"column":7}},"30":{"start":{"line":65,"column":17},"end":{"line":65,"column":18}},"31":{"start":{"line":66,"column":8},"end":{"line":68,"column":9}},"32":{"start":{"line":67,"column":10},"end":{"line":67,"column":23}},"33":{"start":{"line":71,"column":4},"end":{"line":71,"column":16}}},"fnMap":{"0":{"name":"(anonymous_0)","decl":{"start":{"line":5,"column":2},"end":{"line":5,"column":3}},"loc":{"start":{"line":5,"column":16},"end":{"line":12,"column":3}},"line":5},"1":{"name":"(anonymous_1)","decl":{"start":{"line":25,"column":2},"end":{"line":25,"column":3}},"loc":{"start":{"line":25,"column":17},"end":{"line":30,"column":3}},"line":25},"2":{"name":"(anonymous_2)","decl":{"start":{"line":32,"column":2},"end":{"line":32,"column":3}},"loc":{"start":{"line":32,"column":39},"end":{"line":41,"column":3}},"line":32},"3":{"name":"(anonymous_3)","decl":{"start":{"line":43,"column":2},"end":{"line":43,"column":3}},"loc":{"start":{"line":43,"column":14},"end":{"line":49,"column":3}},"line":43},"4":{"name":"(anonymous_4)","decl":{"start":{"line":51,"column":2},"end":{"line":51,"column":3}},"loc":{"start":{"line":51,"column":22},"end":{"line":61,"column":3}},"line":51},"5":{"name":"(anonymous_5)","decl":{"start":{"line":63,"column":2},"end":{"line":63,"column":3}},"loc":{"start":{"line":63,"column":11},"end":{"line":72,"column":3}},"line":63}},"branchMap":{"0":{"loc":{"start":{"line":14,"column":29},"end":{"line":14,"column":39}},"type":"default-arg","locations":[{"start":{"line":14,"column":38},"end":{"line":14,"column":39}}],"line":14},"1":{"loc":{"start":{"line":14,"column":41},"end":{"line":14,"column":58}},"type":"default-arg","locations":[{"start":{"line":14,"column":54},"end":{"line":14,"column":58}}],"line":14},"2":{"loc":{"start":{"line":16,"column":6},"end":{"line":20,"column":7}},"type":"if","locations":[{"start":{"line":16,"column":6},"end":{"line":20,"column":7}},{"start":{"line":18,"column":13},"end":{"line":20,"column":7}}],"line":16},"3":{"loc":{"start":{"line":26,"column":4},"end":{"line":28,"column":5}},"type":"if","locations":[{"start":{"line":26,"column":4},"end":{"line":28,"column":5}},{"start":{},"end":{}}],"line":26},"4":{"loc":{"start":{"line":26,"column":8},"end":{"line":26,"column":75}},"type":"binary-expr","locations":[{"start":{"line":26,"column":8},"end":{"line":26,"column":29}},{"start":{"line":26,"column":33},"end":{"line":26,"column":38}},{"start":{"line":26,"column":42},"end":{"line":26,"column":66}},{"start":{"line":26,"column":70},"end":{"line":26,"column":75}}],"line":26},"5":{"loc":{"start":{"line":32,"column":20},"end":{"line":32,"column":37}},"type":"default-arg","locations":[{"start":{"line":32,"column":33},"end":{"line":32,"column":37}}],"line":32},"6":{"loc":{"start":{"line":33,"column":4},"end":{"line":40,"column":5}},"type":"if","locations":[{"start":{"line":33,"column":4},"end":{"line":40,"column":5}},{"start":{"line":38,"column":11},"end":{"line":40,"column":5}}],"line":33},"7":{"loc":{"start":{"line":34,"column":6},"end":{"line":35,"column":61}},"type":"binary-expr","locations":[{"start":{"line":34,"column":7},"end":{"line":34,"column":17}},{"start":{"line":34,"column":21},"end":{"line":34,"column":59}},{"start":{"line":35,"column":7},"end":{"line":35,"column":18}},{"start":{"line":35,"column":22},"end":{"line":35,"column":60}}],"line":34},"8":{"loc":{"start":{"line":44,"column":4},"end":{"line":48,"column":5}},"type":"if","locations":[{"start":{"line":44,"column":4},"end":{"line":48,"column":5}},{"start":{"line":46,"column":9},"end":{"line":48,"column":5}}],"line":44},"9":{"loc":{"start":{"line":53,"column":4},"end":{"line":59,"column":6}},"type":"if","locations":[{"start":{"line":53,"column":4},"end":{"line":59,"column":6}},{"start":{"line":55,"column":10},"end":{"line":59,"column":6}}],"line":53},"10":{"loc":{"start":{"line":53,"column":8},"end":{"line":53,"column":26}},"type":"binary-expr","locations":[{"start":{"line":53,"column":8},"end":{"line":53,"column":13}},{"start":{"line":53,"column":17},"end":{"line":53,"column":26}}],"line":53},"11":{"loc":{"start":{"line":55,"column":10},"end":{"line":59,"column":6}},"type":"if","locations":[{"start":{"line":55,"column":10},"end":{"line":59,"column":6}},{"start":{"line":56,"column":10},"end":{"line":59,"column":6}}],"line":55},"12":{"loc":{"start":{"line":66,"column":8},"end":{"line":68,"column":9}},"type":"if","locations":[{"start":{"line":66,"column":8},"end":{"line":68,"column":9}},{"start":{},"end":{}}],"line":66},"13":{"loc":{"start":{"line":66,"column":11},"end":{"line":66,"column":76}},"type":"binary-expr","locations":[{"start":{"line":66,"column":11},"end":{"line":66,"column":42}},{"start":{"line":66,"column":46},"end":{"line":66,"column":76}}],"line":66}},"s":{"0":8,"1":8,"2":8,"3":80,"4":8,"5":10,"6":10,"7":18,"8":18,"9":0,"10":10,"11":18,"12":3,"13":15,"14":12,"15":2,"16":10,"17":4,"18":4,"19":0,"20":4,"21":4,"22":1,"23":3,"24":3,"25":3,"26":4,"27":3,"28":3,"29":25,"30":25,"31":246,"32":1,"33":2},"f":{"0":8,"1":18,"2":12,"3":4,"4":4,"5":3},"b":{"0":[0],"1":[0],"2":[18,0],"3":[3,15],"4":[18,15,15,15],"5":[12],"6":[2,10],"7":[12,12,10,0],"8":[4,0],"9":[1,3],"10":[4,3],"11":[0,3],"12":[1,245],"13":[246,5]},"_coverageSchema":"1a1c01bbd47fc00a2c39e90264f33305004495a9","hash":"f40c8be7e7cbd7d598a4b73cc1896a2e3c8d50dd"}
,"/home/myk/repos/BattleShip/src/Player.js": {"path":"/home/myk/repos/BattleShip/src/Player.js","statementMap":{"0":{"start":{"line":6,"column":4},"end":{"line":6,"column":31}},"1":{"start":{"line":12,"column":4},"end":{"line":12,"column":21}}},"fnMap":{"0":{"name":"(anonymous_0)","decl":{"start":{"line":5,"column":2},"end":{"line":5,"column":3}},"loc":{"start":{"line":5,"column":25},"end":{"line":7,"column":3}},"line":5},"1":{"name":"(anonymous_1)","decl":{"start":{"line":11,"column":2},"end":{"line":11,"column":3}},"loc":{"start":{"line":11,"column":24},"end":{"line":13,"column":3}},"line":11}},"branchMap":{},"s":{"0":0,"1":0},"f":{"0":0,"1":0},"b":{},"_coverageSchema":"1a1c01bbd47fc00a2c39e90264f33305004495a9","hash":"8fd239c59aa7cbf64a95571440df21bb8195e644"}
,"/home/myk/repos/BattleShip/src/Ship.js": {"path":"/home/myk/repos/BattleShip/src/Ship.js","statementMap":{"0":{"start":{"line":4,"column":8},"end":{"line":4,"column":9}},"1":{"start":{"line":5,"column":9},"end":{"line":5,"column":14}},"2":{"start":{"line":8,"column":4},"end":{"line":8,"column":25}},"3":{"start":{"line":9,"column":4},"end":{"line":9,"column":36}},"4":{"start":{"line":10,"column":4},"end":{"line":12,"column":5}},"5":{"start":{"line":10,"column":16},"end":{"line":10,"column":17}},"6":{"start":{"line":11,"column":6},"end":{"line":11,"column":29}},"7":{"start":{"line":13,"column":4},"end":{"line":13,"column":33}},"8":{"start":{"line":17,"column":4},"end":{"line":19,"column":5}},"9":{"start":{"line":18,"column":6},"end":{"line":18,"column":17}},"10":{"start":{"line":20,"column":4},"end":{"line":20,"column":20}},"11":{"start":{"line":24,"column":4},"end":{"line":26,"column":5}},"12":{"start":{"line":25,"column":6},"end":{"line":25,"column":33}},"13":{"start":{"line":27,"column":4},"end":{"line":27,"column":23}},"14":{"start":{"line":31,"column":4},"end":{"line":31,"column":53}},"15":{"start":{"line":35,"column":4},"end":{"line":35,"column":30}}},"fnMap":{"0":{"name":"(anonymous_0)","decl":{"start":{"line":7,"column":2},"end":{"line":7,"column":3}},"loc":{"start":{"line":7,"column":44},"end":{"line":14,"column":3}},"line":7},"1":{"name":"(anonymous_1)","decl":{"start":{"line":16,"column":2},"end":{"line":16,"column":3}},"loc":{"start":{"line":16,"column":11},"end":{"line":21,"column":3}},"line":16},"2":{"name":"(anonymous_2)","decl":{"start":{"line":23,"column":2},"end":{"line":23,"column":3}},"loc":{"start":{"line":23,"column":15},"end":{"line":28,"column":3}},"line":23},"3":{"name":"(anonymous_3)","decl":{"start":{"line":30,"column":2},"end":{"line":30,"column":3}},"loc":{"start":{"line":30,"column":10},"end":{"line":32,"column":3}},"line":30},"4":{"name":"(anonymous_4)","decl":{"start":{"line":34,"column":2},"end":{"line":34,"column":3}},"loc":{"start":{"line":34,"column":14},"end":{"line":36,"column":3}},"line":34}},"branchMap":{"0":{"loc":{"start":{"line":7,"column":14},"end":{"line":7,"column":24}},"type":"default-arg","locations":[{"start":{"line":7,"column":23},"end":{"line":7,"column":24}}],"line":7},"1":{"loc":{"start":{"line":7,"column":26},"end":{"line":7,"column":43}},"type":"default-arg","locations":[{"start":{"line":7,"column":39},"end":{"line":7,"column":43}}],"line":7},"2":{"loc":{"start":{"line":17,"column":4},"end":{"line":19,"column":5}},"type":"if","locations":[{"start":{"line":17,"column":4},"end":{"line":19,"column":5}},{"start":{},"end":{}}],"line":17},"3":{"loc":{"start":{"line":24,"column":4},"end":{"line":26,"column":5}},"type":"if","locations":[{"start":{"line":24,"column":4},"end":{"line":26,"column":5}},{"start":{},"end":{}}],"line":24},"4":{"loc":{"start":{"line":24,"column":7},"end":{"line":24,"column":42}},"type":"binary-expr","locations":[{"start":{"line":24,"column":7},"end":{"line":24,"column":18}},{"start":{"line":24,"column":22},"end":{"line":24,"column":42}}],"line":24},"5":{"loc":{"start":{"line":31,"column":11},"end":{"line":31,"column":52}},"type":"cond-expr","locations":[{"start":{"line":31,"column":40},"end":{"line":31,"column":44}},{"start":{"line":31,"column":47},"end":{"line":31,"column":52}}],"line":31}},"s":{"0":8,"1":8,"2":8,"3":8,"4":8,"5":8,"6":12,"7":8,"8":3,"9":3,"10":3,"11":4,"12":4,"13":4,"14":3,"15":2},"f":{"0":8,"1":3,"2":4,"3":3,"4":2},"b":{"0":[6],"1":[8],"2":[3,0],"3":[4,0],"4":[4,4],"5":[2,1]},"_coverageSchema":"1a1c01bbd47fc00a2c39e90264f33305004495a9","hash":"15402be60c3bd3d87dee3b20925bc861582a72a7"}
}
