TN:
SF:src/Game.js
FN:5,(anonymous_0)
FN:18,(anonymous_1)
FN:33,(anonymous_2)
FN:37,(anonymous_3)
FN:52,(anonymous_4)
FN:64,(anonymous_5)
FN:71,(anonymous_6)
FN:75,(anonymous_7)
FNF:8
FNH:3
FNDA:0,(anonymous_0)
FNDA:0,(anonymous_1)
FNDA:1,(anonymous_2)
FNDA:104,(anonymous_3)
FNDA:1,(anonymous_4)
FNDA:0,(anonymous_5)
FNDA:0,(anonymous_6)
FNDA:0,(anonymous_7)
DA:5,1
DA:6,0
DA:8,0
DA:9,0
DA:11,0
DA:13,0
DA:14,0
DA:15,0
DA:18,0
DA:19,0
DA:34,1
DA:38,104
DA:39,104
DA:41,104
DA:42,1
DA:43,103
DA:44,3
DA:45,3
DA:46,1
DA:49,104
DA:53,1
DA:54,1
DA:55,10
DA:56,100
DA:57,100
DA:58,100
DA:61,1
DA:65,0
DA:66,0
DA:68,0
DA:72,0
DA:76,0
DA:77,0
DA:78,0
LF:34
LH:18
BRDA:33,0,0,1
BRDA:41,1,0,1
BRDA:41,1,1,103
BRDA:41,2,0,104
BRDA:41,2,1,5
BRDA:43,3,0,3
BRDA:43,3,1,100
BRDA:43,4,0,103
BRDA:43,4,1,4
BRDA:45,5,0,1
BRDA:45,5,1,2
BRF:11
BRH:11
end_of_record
TN:
SF:src/Gameboard.js
FN:5,(anonymous_0)
FN:25,(anonymous_1)
FN:32,(anonymous_2)
FN:43,(anonymous_3)
FN:51,(anonymous_4)
FN:63,(anonymous_5)
FNF:6
FNH:6
FNDA:8,(anonymous_0)
FNDA:18,(anonymous_1)
FNDA:12,(anonymous_2)
FNDA:4,(anonymous_3)
FNDA:4,(anonymous_4)
FNDA:3,(anonymous_5)
DA:6,8
DA:7,8
DA:8,80
DA:11,8
DA:15,10
DA:16,18
DA:17,18
DA:19,0
DA:22,10
DA:26,18
DA:27,3
DA:29,15
DA:33,12
DA:37,2
DA:39,10
DA:44,4
DA:45,4
DA:47,0
DA:52,4
DA:53,4
DA:54,1
DA:55,3
DA:57,3
DA:58,3
DA:60,4
DA:64,3
DA:65,25
DA:66,246
DA:67,1
DA:71,2
LF:30
LH:28
BRDA:14,0,0,0
BRDA:14,1,0,0
BRDA:16,2,0,18
BRDA:16,2,1,0
BRDA:26,3,0,3
BRDA:26,3,1,15
BRDA:26,4,0,18
BRDA:26,4,1,15
BRDA:26,4,2,15
BRDA:26,4,3,15
BRDA:32,5,0,12
BRDA:33,6,0,2
BRDA:33,6,1,10
BRDA:34,7,0,12
BRDA:34,7,1,12
BRDA:34,7,2,10
BRDA:34,7,3,0
BRDA:44,8,0,4
BRDA:44,8,1,0
BRDA:53,9,0,1
BRDA:53,9,1,3
BRDA:53,10,0,4
BRDA:53,10,1,3
BRDA:55,11,0,0
BRDA:55,11,1,3
BRDA:66,12,0,1
BRDA:66,12,1,245
BRDA:66,13,0,246
BRDA:66,13,1,5
BRF:29
BRH:23
end_of_record
TN:
SF:src/Player.js
FN:5,(anonymous_0)
FN:11,(anonymous_1)
FNF:2
FNH:0
FNDA:0,(anonymous_0)
FNDA:0,(anonymous_1)
DA:6,0
DA:12,0
LF:2
LH:0
BRF:0
BRH:0
end_of_record
TN:
SF:src/Ship.js
FN:7,(anonymous_0)
FN:16,(anonymous_1)
FN:23,(anonymous_2)
FN:30,(anonymous_3)
FN:37,(anonymous_4)
FN:41,(anonymous_5)
FNF:6
FNH:6
FNDA:10,(anonymous_0)
FNDA:4,(anonymous_1)
FNDA:5,(anonymous_2)
FNDA:1,(anonymous_3)
FNDA:4,(anonymous_4)
FNDA:3,(anonymous_5)
DA:4,10
DA:5,10
DA:8,10
DA:9,10
DA:10,10
DA:11,14
DA:13,10
DA:17,4
DA:18,4
DA:20,4
DA:24,5
DA:25,5
DA:27,5
DA:31,1
DA:32,1
DA:33,1
DA:34,1
DA:38,4
DA:42,3
LF:19
LH:19
BRDA:7,0,0,8
BRDA:7,1,0,10
BRDA:17,2,0,4
BRDA:17,2,1,0
BRDA:24,3,0,5
BRDA:24,3,1,0
BRDA:24,4,0,5
BRDA:24,4,1,5
BRDA:30,5,0,1
BRDA:38,6,0,3
BRDA:38,6,1,1
BRF:11
BRH:9
end_of_record
