TN:
SF:src/Gameboard.js
FN:2,(anonymous_0)
FN:22,(anonymous_1)
FN:33,(anonymous_2)
FN:37,(anonymous_3)
FNF:4
FNH:4
FNDA:5,(anonymous_0)
FNDA:9,(anonymous_1)
FNDA:5,(anonymous_2)
FNDA:1,(anonymous_3)
DA:3,5
DA:4,5
DA:5,50
DA:8,5
DA:12,7
DA:13,17
DA:14,17
DA:16,0
DA:19,6
DA:23,9
DA:27,2
DA:29,7
DA:34,5
DA:38,1
DA:39,1
DA:40,0
DA:41,0
DA:43,1
DA:45,0
LF:19
LH:15
BRDA:11,0,0,2
BRDA:11,1,0,0
BRDA:13,2,0,17
BRDA:13,2,1,0
BRDA:22,3,0,9
BRDA:23,4,0,2
BRDA:23,4,1,7
BRDA:24,5,0,9
BRDA:24,5,1,9
BRDA:24,5,2,7
BRDA:24,5,3,0
BRDA:39,6,0,0
BRDA:39,6,1,1
BRF:13
BRH:9
end_of_record
TN:
SF:src/Ship.js
FN:7,(anonymous_0)
FN:12,(anonymous_1)
FN:17,(anonymous_2)
FN:21,(anonymous_3)
FNF:4
FNH:3
FNDA:2,(anonymous_0)
FNDA:1,(anonymous_1)
FNDA:1,(anonymous_2)
FNDA:0,(anonymous_3)
DA:4,2
DA:5,2
DA:8,2
DA:9,2
DA:13,1
DA:14,1
DA:18,1
DA:22,0
LF:8
LH:7
BRDA:7,0,0,2
BRDA:7,1,0,2
BRDA:18,2,0,0
BRDA:18,2,1,1
BRF:4
BRH:3
end_of_record
